<?xml version="1.0" encoding="UTF-8"?>
<testng-results skipped="0" failed="1" ignored="0" total="3" passed="2">
  <reporter-output>
  </reporter-output>
  <suite name="Default suite" duration-ms="17095" started-at="2020-03-17T05:47:33Z" finished-at="2020-03-17T05:47:50Z">
    <groups>
    </groups>
    <test name="Default test" duration-ms="17095" started-at="2020-03-17T05:47:33Z" finished-at="2020-03-17T05:47:50Z">
      <class name="Kiran_code.Registration">
        <test-method status="FAIL" signature="open([Ljava.lang.String;)[pri:0, instance:Kiran_code.Registration@ea1a8d5]" name="open" duration-ms="113" started-at="2020-03-17T05:47:34Z" data-provider="wordpress" finished-at="2020-03-17T05:47:34Z">
          <params>
            <param index="0">
              <value>
                <![CDATA[[Ljava.lang.String;@2de366bb]]>
              </value>
            </param>
          </params>
          <exception class="java.lang.NullPointerException">
            <full-stacktrace>
              <![CDATA[java.lang.NullPointerException
at Kiran_code.Registration.open(Registration.java:84)
at sun.reflect.NativeMethodAccessorImpl.invoke0(Native Method)
at sun.reflect.NativeMethodAccessorImpl.invoke(Unknown Source)
at sun.reflect.DelegatingMethodAccessorImpl.invoke(Unknown Source)
at java.lang.reflect.Method.invoke(Unknown Source)
at org.testng.internal.MethodInvocationHelper.invokeMethod(MethodInvocationHelper.java:124)
at org.testng.internal.Invoker.invokeMethod(Invoker.java:583)
at org.testng.internal.Invoker.invokeTestMethod(Invoker.java:719)
at org.testng.internal.Invoker.invokeTestMethods(Invoker.java:989)
at org.testng.internal.TestMethodWorker.invokeTestMethods(TestMethodWorker.java:125)
at org.testng.internal.TestMethodWorker.run(TestMethodWorker.java:109)
at org.testng.TestRunner.privateRun(TestRunner.java:648)
at org.testng.TestRunner.run(TestRunner.java:505)
at org.testng.SuiteRunner.runTest(SuiteRunner.java:455)
at org.testng.SuiteRunner.runSequentially(SuiteRunner.java:450)
at org.testng.SuiteRunner.privateRun(SuiteRunner.java:415)
at org.testng.SuiteRunner.run(SuiteRunner.java:364)
at org.testng.SuiteRunnerWorker.runSuite(SuiteRunnerWorker.java:52)
at org.testng.SuiteRunnerWorker.run(SuiteRunnerWorker.java:84)
at org.testng.TestNG.runSuitesSequentially(TestNG.java:1208)
at org.testng.TestNG.runSuitesLocally(TestNG.java:1137)
at org.testng.TestNG.runSuites(TestNG.java:1049)
at org.testng.TestNG.run(TestNG.java:1017)
at org.testng.remote.AbstractRemoteTestNG.run(AbstractRemoteTestNG.java:115)
at org.testng.remote.RemoteTestNG.initAndRun(RemoteTestNG.java:251)
at org.testng.remote.RemoteTestNG.main(RemoteTestNG.java:77)
]]>
            </full-stacktrace>
          </exception> <!-- java.lang.NullPointerException -->
          <reporter-output>
          </reporter-output>
        </test-method> <!-- open -->
        <test-method status="PASS" signature="open([Ljava.lang.String;)[pri:0, instance:Kiran_code.Registration@ea1a8d5]" name="open" duration-ms="16401" started-at="2020-03-17T05:47:34Z" data-provider="wordpress" finished-at="2020-03-17T05:47:50Z">
          <params>
            <param index="0">
              <value>
                <![CDATA[[Ljava.lang.String;@4eeea57d]]>
              </value>
            </param>
          </params>
          <reporter-output>
          </reporter-output>
        </test-method> <!-- open -->
        <test-method status="PASS" signature="open([Ljava.lang.String;)[pri:0, instance:Kiran_code.Registration@ea1a8d5]" name="open" duration-ms="8" started-at="2020-03-17T05:47:50Z" data-provider="wordpress" finished-at="2020-03-17T05:47:50Z">
          <params>
            <param index="0">
              <value>
                <![CDATA[[Ljava.lang.String;@780ec4a5]]>
              </value>
            </param>
          </params>
          <reporter-output>
          </reporter-output>
        </test-method> <!-- open -->
      </class> <!-- Kiran_code.Registration -->
    </test> <!-- Default test -->
  </suite> <!-- Default suite -->
</testng-results>
